data			n	sol		time
data/tsp10.dat	10	13.64	0.302626
data/tsp100.dat	100	8.48	1215.44
data/tsp12.dat	12	66.4	0.177654
data/tsp15.dat	15	27.41	0.30984
data/tsp20.dat	20	44.07	1.30327
data/tsp25.dat	25	55.96	1.68402
data/tsp30.dat	30	63.05	3.34625
data/tsp35.dat	35	85.69	11.3722
data/tsp40.dat	40	109.68	30.6588
data/tsp45.dat	45	5.66	19.1782
data/tsp50.dat	50	149.58	46.1895
data/tsp55.dat	55	159.81	150.788
data/tsp60.dat	60	189.61	65.248
data/tsp65.dat	65	6.32	72.0507
data/tsp70.dat	70	235.75	125.653
data/tsp75.dat	75	5.66	445.822
data/tsp80.dat	80	267.84	50.5775
data/tsp85.dat	85	305.04	717.356
data/tsp90.dat	90	343.76	736.914
data/tsp95.dat	95	373.82	1352.71
